-encoding
UTF-8
-outxml
-source
1.6
-target
1.6
-classpath
/home/austin/.m2/repository/antlr/antlr/2.7.6/antlr-2.7.6.jar:/home/austin/.m2/repository/aopalliance/aopalliance/1.0/aopalliance-1.0.jar:/home/austin/.m2/repository/cglib/cglib-nodep/2.2.2/cglib-nodep-2.2.2.jar:/home/austin/.m2/repository/commons-beanutils/commons-beanutils/1.8.0/commons-beanutils-1.8.0.jar:/home/austin/.m2/repository/commons-codec/commons-codec/1.4/commons-codec-1.4.jar:/home/austin/.m2/repository/commons-collections/commons-collections/3.1/commons-collections-3.1.jar:/home/austin/.m2/repository/commons-dbcp/commons-dbcp/1.3/commons-dbcp-1.3.jar:/home/austin/.m2/repository/commons-digester/commons-digester/2.0/commons-digester-2.0.jar:/home/austin/.m2/repository/commons-fileupload/commons-fileupload/1.2.1/commons-fileupload-1.2.1.jar:/home/austin/.m2/repository/commons-io/commons-io/1.4/commons-io-1.4.jar:/home/austin/.m2/repository/commons-lang/commons-lang/2.4/commons-lang-2.4.jar:/home/austin/.m2/repository/commons-pool/commons-pool/1.5.4/commons-pool-1.5.4.jar:/home/austin/.m2/repository/dom4j/dom4j/1.6.1/dom4j-1.6.1.jar:/home/austin/.m2/repository/javassist/javassist/3.12.0.GA/javassist-3.12.0.GA.jar:/home/austin/.m2/repository/javax/activation/activation/1.1.1/activation-1.1.1.jar:/home/austin/.m2/repository/javax/el/el-api/1.0/el-api-1.0.jar:/home/austin/.m2/repository/javax/mail/mail/1.4.1/mail-1.4.1.jar:/home/austin/.m2/repository/javax/servlet/servlet-api/2.5/servlet-api-2.5.jar:/home/austin/.m2/repository/javax/servlet/jsp/jsp-api/2.1/jsp-api-2.1.jar:/home/austin/.m2/repository/javax/servlet/jsp/jstl/jstl-api/1.2/jstl-api-1.2.jar:/home/austin/.m2/repository/javax/transaction/jta/1.1/jta-1.1.jar:/home/austin/.m2/repository/javax/validation/validation-api/1.0.0.GA/validation-api-1.0.0.GA.jar:/home/austin/.m2/repository/joda-time/joda-time/1.6/joda-time-1.6.jar:/home/austin/.m2/repository/log4j/log4j/1.2.16/log4j-1.2.16.jar:/home/austin/.m2/repository/mysql/mysql-connector-java/5.1.17/mysql-connector-java-5.1.17.jar:/home/austin/.m2/repository/net/sf/flexjson/flexjson/2.1/flexjson-2.1.jar:/home/austin/.m2/repository/org/apache/lucene/lucene-analyzers/3.1.0/lucene-analyzers-3.1.0.jar:/home/austin/.m2/repository/org/apache/lucene/lucene-core/3.1.0/lucene-core-3.1.0.jar:/home/austin/.m2/repository/org/apache/lucene/lucene-highlighter/3.1.0/lucene-highlighter-3.1.0.jar:/home/austin/.m2/repository/org/apache/lucene/lucene-memory/3.1.0/lucene-memory-3.1.0.jar:/home/austin/.m2/repository/org/apache/lucene/lucene-misc/3.1.0/lucene-misc-3.1.0.jar:/home/austin/.m2/repository/org/apache/lucene/lucene-smartcn/3.1.0/lucene-smartcn-3.1.0.jar:/home/austin/.m2/repository/org/apache/lucene/lucene-spatial/3.1.0/lucene-spatial-3.1.0.jar:/home/austin/.m2/repository/org/apache/lucene/lucene-spellchecker/3.1.0/lucene-spellchecker-3.1.0.jar:/home/austin/.m2/repository/org/apache/lucene/lucene-stempel/3.1.0/lucene-stempel-3.1.0.jar:/home/austin/.m2/repository/org/apache/solr/solr-analysis-extras/3.1.0/solr-analysis-extras-3.1.0.jar:/home/austin/.m2/repository/org/apache/solr/solr-commons-csv/3.1.0/solr-commons-csv-3.1.0.jar:/home/austin/.m2/repository/org/apache/solr/solr-core/3.1.0/solr-core-3.1.0.jar:/home/austin/.m2/repository/org/apache/solr/solr-solrj/3.1.0/solr-solrj-3.1.0.jar:/home/austin/.m2/repository/org/apache/tiles/tiles-api/2.2.1/tiles-api-2.2.1.jar:/home/austin/.m2/repository/org/apache/tiles/tiles-core/2.2.1/tiles-core-2.2.1.jar:/home/austin/.m2/repository/org/apache/tiles/tiles-jsp/2.2.1/tiles-jsp-2.2.1.jar:/home/austin/.m2/repository/org/apache/tiles/tiles-servlet/2.2.1/tiles-servlet-2.2.1.jar:/home/austin/.m2/repository/org/apache/tiles/tiles-template/2.2.1/tiles-template-2.2.1.jar:/home/austin/.m2/repository/org/aspectj/aspectjrt/1.6.12.M2/aspectjrt-1.6.12.M2.jar:/home/austin/.m2/repository/org/aspectj/aspectjweaver/1.6.12.M2/aspectjweaver-1.6.12.M2.jar:/home/austin/.m2/repository/org/glassfish/web/jstl-impl/1.2/jstl-impl-1.2.jar:/home/austin/.m2/repository/org/hibernate/hibernate-commons-annotations/3.2.0.Final/hibernate-commons-annotations-3.2.0.Final.jar:/home/austin/.m2/repository/org/hibernate/hibernate-core/3.6.7.Final/hibernate-core-3.6.7.Final.jar:/home/austin/.m2/repository/org/hibernate/hibernate-entitymanager/3.6.7.Final/hibernate-entitymanager-3.6.7.Final.jar:/home/austin/.m2/repository/org/hibernate/hibernate-search/3.4.1.Final/hibernate-search-3.4.1.Final.jar:/home/austin/.m2/repository/org/hibernate/hibernate-search-analyzers/3.4.1.Final/hibernate-search-analyzers-3.4.1.Final.jar:/home/austin/.m2/repository/org/hibernate/hibernate-validator/4.2.0.Final/hibernate-validator-4.2.0.Final.jar:/home/austin/.m2/repository/org/hibernate/javax/persistence/hibernate-jpa-2.0-api/1.0.1.Final/hibernate-jpa-2.0-api-1.0.1.Final.jar:/home/austin/.m2/repository/org/slf4j/jcl-over-slf4j/1.6.1/jcl-over-slf4j-1.6.1.jar:/home/austin/.m2/repository/org/slf4j/slf4j-api/1.6.1/slf4j-api-1.6.1.jar:/home/austin/.m2/repository/org/slf4j/slf4j-log4j12/1.6.1/slf4j-log4j12-1.6.1.jar:/home/austin/.m2/repository/org/springframework/spring-aop/3.0.6.RELEASE/spring-aop-3.0.6.RELEASE.jar:/home/austin/.m2/repository/org/springframework/spring-asm/3.0.6.RELEASE/spring-asm-3.0.6.RELEASE.jar:/home/austin/.m2/repository/org/springframework/spring-aspects/3.0.6.RELEASE/spring-aspects-3.0.6.RELEASE.jar:/home/austin/.m2/repository/org/springframework/spring-beans/3.0.6.RELEASE/spring-beans-3.0.6.RELEASE.jar:/home/austin/.m2/repository/org/springframework/spring-context/3.0.6.RELEASE/spring-context-3.0.6.RELEASE.jar:/home/austin/.m2/repository/org/springframework/spring-context-support/3.0.6.RELEASE/spring-context-support-3.0.6.RELEASE.jar:/home/austin/.m2/repository/org/springframework/spring-core/3.0.6.RELEASE/spring-core-3.0.6.RELEASE.jar:/home/austin/.m2/repository/org/springframework/spring-expression/3.0.6.RELEASE/spring-expression-3.0.6.RELEASE.jar:/home/austin/.m2/repository/org/springframework/spring-jdbc/3.0.6.RELEASE/spring-jdbc-3.0.6.RELEASE.jar:/home/austin/.m2/repository/org/springframework/spring-orm/3.0.6.RELEASE/spring-orm-3.0.6.RELEASE.jar:/home/austin/.m2/repository/org/springframework/spring-tx/3.0.6.RELEASE/spring-tx-3.0.6.RELEASE.jar:/home/austin/.m2/repository/org/springframework/spring-web/3.0.6.RELEASE/spring-web-3.0.6.RELEASE.jar:/home/austin/.m2/repository/org/springframework/spring-webmvc/3.0.6.RELEASE/spring-webmvc-3.0.6.RELEASE.jar:/home/austin/.m2/repository/org/springframework/roo/org.springframework.roo.annotations/1.2.0.M1/org.springframework.roo.annotations-1.2.0.M1.jar:/home/austin/.m2/repository/org/springframework/security/spring-security-acl/3.0.5.RELEASE/spring-security-acl-3.0.5.RELEASE.jar:/home/austin/.m2/repository/org/springframework/security/spring-security-config/3.0.5.RELEASE/spring-security-config-3.0.5.RELEASE.jar:/home/austin/.m2/repository/org/springframework/security/spring-security-core/3.0.5.RELEASE/spring-security-core-3.0.5.RELEASE.jar:/home/austin/.m2/repository/org/springframework/security/spring-security-taglibs/3.0.5.RELEASE/spring-security-taglibs-3.0.5.RELEASE.jar:/home/austin/.m2/repository/org/springframework/security/spring-security-web/3.0.5.RELEASE/spring-security-web-3.0.5.RELEASE.jar:/home/austin/.m2/repository/org/springframework/webflow/spring-js-resources/2.2.1.RELEASE/spring-js-resources-2.2.1.RELEASE.jar:/home/austin/Documents/rentgit/rentistry/rentistry/target/classes
-aspectpath
/home/austin/.m2/repository/org/springframework/spring-aspects/3.0.6.RELEASE/spring-aspects-3.0.6.RELEASE.jar
-d
/home/austin/Documents/rentgit/rentistry/rentistry/target/classes
/home/austin/Documents/rentgit/rentistry/rentistry/src/main/java/com/rentistry/domain/Account_Roo_Configurable.aj
/home/austin/Documents/rentgit/rentistry/rentistry/src/main/java/com/rentistry/domain/Account.java
/home/austin/Documents/rentgit/rentistry/rentistry/src/main/java/com/rentistry/domain/ItemTag.java
/home/austin/Documents/rentgit/rentistry/rentistry/src/main/java/com/rentistry/web/ApplicationConversionServiceFactoryBean.java
/home/austin/Documents/rentgit/rentistry/rentistry/src/main/java/com/rentistry/domain/Item_Roo_Entity.aj
/home/austin/Documents/rentgit/rentistry/rentistry/src/main/java/com/rentistry/domain/RentUser_Roo_JavaBean.aj
/home/austin/Documents/rentgit/rentistry/rentistry/src/main/java/com/rentistry/domain/Region_Roo_Entity.aj
/home/austin/Documents/rentgit/rentistry/rentistry/src/main/java/com/rentistry/domain/Region_Roo_ToString.aj
/home/austin/Documents/rentgit/rentistry/rentistry/src/main/java/com/rentistry/web/CityController_Roo_Controller.aj
/home/austin/Documents/rentgit/rentistry/rentistry/src/main/java/com/rentistry/domain/Item_Roo_ToString.aj
/home/austin/Documents/rentgit/rentistry/rentistry/src/main/java/com/rentistry/domain/Region.java
/home/austin/Documents/rentgit/rentistry/rentistry/src/main/java/com/rentistry/domain/Account_Roo_JavaBean.aj
/home/austin/Documents/rentgit/rentistry/rentistry/src/main/java/com/rentistry/web/AccountController.java
/home/austin/Documents/rentgit/rentistry/rentistry/src/main/java/com/rentistry/domain/RentUser_Roo_Jpa_Entity.aj
/home/austin/Documents/rentgit/rentistry/rentistry/src/main/java/com/rentistry/web/AccountController_Roo_Controller.aj
/home/austin/Documents/rentgit/rentistry/rentistry/src/main/java/com/rentistry/web/ItemController_Roo_Controller.aj
/home/austin/Documents/rentgit/rentistry/rentistry/src/main/java/com/rentistry/web/RegionController_Roo_Controller.aj
/home/austin/Documents/rentgit/rentistry/rentistry/src/main/java/com/rentistry/web/ApplicationConversionServiceFactoryBean_Roo_ConversionService.aj
/home/austin/Documents/rentgit/rentistry/rentistry/src/main/java/com/rentistry/domain/ItemTag_Roo_JavaBean.aj
/home/austin/Documents/rentgit/rentistry/rentistry/src/main/java/com/rentistry/domain/RentUser.java
/home/austin/Documents/rentgit/rentistry/rentistry/src/main/java/com/rentistry/domain/Item_Roo_Configurable.aj
/home/austin/Documents/rentgit/rentistry/rentistry/src/main/java/com/rentistry/domain/Account_Roo_Jpa_Entity.aj
/home/austin/Documents/rentgit/rentistry/rentistry/src/main/java/com/rentistry/domain/City_Roo_Entity.aj
/home/austin/Documents/rentgit/rentistry/rentistry/src/main/java/com/rentistry/domain/City_Roo_ToString.aj
/home/austin/Documents/rentgit/rentistry/rentistry/src/main/java/com/rentistry/domain/RentUser_Roo_ToString.aj
/home/austin/Documents/rentgit/rentistry/rentistry/src/main/java/com/rentistry/domain/Item_Roo_JavaBean.aj
/home/austin/Documents/rentgit/rentistry/rentistry/src/main/java/com/rentistry/web/RegionController.java
/home/austin/Documents/rentgit/rentistry/rentistry/src/main/java/com/rentistry/web/ItemTagController.java
/home/austin/Documents/rentgit/rentistry/rentistry/src/main/java/com/rentistry/domain/RentUser_Roo_Configurable.aj
/home/austin/Documents/rentgit/rentistry/rentistry/src/main/java/com/rentistry/web/CityController.java
/home/austin/Documents/rentgit/rentistry/rentistry/src/main/java/com/rentistry/domain/Region_Roo_Jpa_Entity.aj
/home/austin/Documents/rentgit/rentistry/rentistry/src/main/java/com/rentistry/domain/RentUserController.java
/home/austin/Documents/rentgit/rentistry/rentistry/src/main/java/com/rentistry/domain/Account_Roo_Entity.aj
/home/austin/Documents/rentgit/rentistry/rentistry/src/main/java/com/rentistry/domain/Region_Roo_Configurable.aj
/home/austin/Documents/rentgit/rentistry/rentistry/src/main/java/com/rentistry/domain/Item.java
/home/austin/Documents/rentgit/rentistry/rentistry/src/main/java/com/rentistry/domain/ItemTag_Roo_Configurable.aj
/home/austin/Documents/rentgit/rentistry/rentistry/src/main/java/com/rentistry/domain/City_Roo_Configurable.aj
/home/austin/Documents/rentgit/rentistry/rentistry/src/main/java/com/rentistry/domain/City_Roo_JavaBean.aj
/home/austin/Documents/rentgit/rentistry/rentistry/src/main/java/com/rentistry/domain/ItemTag_Roo_Entity.aj
/home/austin/Documents/rentgit/rentistry/rentistry/src/main/java/com/rentistry/domain/Region_Roo_JavaBean.aj
/home/austin/Documents/rentgit/rentistry/rentistry/src/main/java/com/rentistry/domain/ItemTag_Roo_ToString.aj
/home/austin/Documents/rentgit/rentistry/rentistry/src/main/java/com/rentistry/web/ItemTagController_Roo_Controller.aj
/home/austin/Documents/rentgit/rentistry/rentistry/src/main/java/com/rentistry/services/UserManager.java
/home/austin/Documents/rentgit/rentistry/rentistry/src/main/java/com/rentistry/domain/Item_Roo_Jpa_Entity.aj
/home/austin/Documents/rentgit/rentistry/rentistry/src/main/java/com/rentistry/domain/City_Roo_Jpa_Entity.aj
/home/austin/Documents/rentgit/rentistry/rentistry/src/main/java/com/rentistry/domain/RentUser_Roo_Entity.aj
/home/austin/Documents/rentgit/rentistry/rentistry/src/main/java/com/rentistry/web/ItemController.java
/home/austin/Documents/rentgit/rentistry/rentistry/src/main/java/com/rentistry/domain/ItemTag_Roo_Jpa_Entity.aj
/home/austin/Documents/rentgit/rentistry/rentistry/src/main/java/com/rentistry/domain/RentUserController_Roo_Controller.aj
/home/austin/Documents/rentgit/rentistry/rentistry/src/main/java/com/rentistry/domain/City.java
/home/austin/Documents/rentgit/rentistry/rentistry/src/main/java/com/rentistry/domain/RentUser_Roo_Finder.aj
